This is pdfTeX, Version 3.14159265-2.6-1.40.19 (TeX Live 2018/W32TeX) (preloaded format=pdflatex 2019.2.13)  6 JUN 2019 18:04
entering extended mode
 restricted \write18 enabled.
 %&-line parsing enabled.
**prace.tex
(./prace.tex
LaTeX2e <2018-12-01>
(c:/texlive/2018/texmf-dist/tex/latex/base/report.cls
Document Class: report 2018/09/03 v1.4i Standard LaTeX document class
(c:/texlive/2018/texmf-dist/tex/latex/base/size12.clo
File: size12.clo 2018/09/03 v1.4i Standard LaTeX file (size option)
)
\c@part=\count80
\c@chapter=\count81
\c@section=\count82
\c@subsection=\count83
\c@subsubsection=\count84
\c@paragraph=\count85
\c@subparagraph=\count86
\c@figure=\count87
\c@table=\count88
\abovecaptionskip=\skip41
\belowcaptionskip=\skip42
\bibindent=\dimen102
)
(c:/texlive/2018/texmf-dist/tex/latex/pdfx/pdfx.sty
Package: pdfx 2018/12/22 v1.6.1 PDF/X and PDF/A support (CVR/HTH/RRM/PS)
\pdfx@minorversion=\count89

(c:/texlive/2018/texmf-dist/tex/generic/iftex/iftex.sty
Package: iftex 2013/04/04 v0.2 Provides if(tex) conditional for PDFTeX, XeTeX, 
and LuaTeX
)
(c:/texlive/2018/texmf-dist/tex/generic/oberdiek/ifpdf.sty
Package: ifpdf 2018/09/07 v3.3 Provides the ifpdf switch
)
(c:/texlive/2018/texmf-dist/tex/generic/ifxetex/ifxetex.sty
Package: ifxetex 2010/09/12 v0.6 Provides ifxetex conditional
)
(c:/texlive/2018/texmf-dist/tex/latex/ms/everyshi.sty
Package: everyshi 2001/05/15 v3.00 EveryShipout Package (MS)
)
(c:/texlive/2018/texmf-dist/tex/generic/oberdiek/ifluatex.sty
Package: ifluatex 2016/05/16 v1.4 Provides the ifluatex switch (HO)
Package ifluatex Info: LuaTeX not detected.
){c:/texlive/2018/texmf-var/fonts/map/pdftex/updmap/pdftex.map}
(c:/texlive/2018/texmf-dist/tex/latex/base/inputenc.sty
Package: inputenc 2018/08/11 v1.3c Input encoding file
\inpenc@prehook=\toks14
\inpenc@posthook=\toks15
)
(c:/texlive/2018/texmf-dist/tex/latex/pdfx/l8u-penc.def
File: l8u-penc.def 2017/06/23 v0.8 Custom LaTeX file, for UTF8 encoded letters 
and symbols
LaTeX Info: Composite with undeclared \b in encoding L8U on input line 278.
)
\pdfxsafeforxmp@toks=\toks16

(c:/texlive/2018/texmf-dist/tex/latex/xcolor/xcolor.sty
Package: xcolor 2016/05/11 v2.12 LaTeX color extensions (UK)

(c:/texlive/2018/texmf-dist/tex/latex/graphics-cfg/color.cfg
File: color.cfg 2016/01/02 v1.6 sample color configuration
)
Package xcolor Info: Driver file: pdftex.def on input line 225.

(c:/texlive/2018/texmf-dist/tex/latex/graphics-def/pdftex.def
File: pdftex.def 2018/01/08 v1.0l Graphics/color driver for pdftex
)
Package xcolor Info: Model `cmy' substituted by `cmy0' on input line 1348.
Package xcolor Info: Model `hsb' substituted by `rgb' on input line 1352.
Package xcolor Info: Model `RGB' extended on input line 1364.
Package xcolor Info: Model `HTML' substituted by `rgb' on input line 1366.
Package xcolor Info: Model `Hsb' substituted by `hsb' on input line 1367.
Package xcolor Info: Model `tHsb' substituted by `hsb' on input line 1368.
Package xcolor Info: Model `HSB' substituted by `hsb' on input line 1369.
Package xcolor Info: Model `Gray' substituted by `gray' on input line 1370.
Package xcolor Info: Model `wave' substituted by `hsb' on input line 1371.
)
\pdfx@tmptoks=\toks17

(c:/texlive/2018/texmf-dist/tex/latex/hyperref/hyperref.sty
Package: hyperref 2018/11/30 v6.88e Hypertext links for LaTeX

(c:/texlive/2018/texmf-dist/tex/generic/oberdiek/hobsub-hyperref.sty
Package: hobsub-hyperref 2016/05/16 v1.14 Bundle oberdiek, subset hyperref (HO)


(c:/texlive/2018/texmf-dist/tex/generic/oberdiek/hobsub-generic.sty
Package: hobsub-generic 2016/05/16 v1.14 Bundle oberdiek, subset generic (HO)
Package: hobsub 2016/05/16 v1.14 Construct package bundles (HO)
Package: infwarerr 2016/05/16 v1.4 Providing info/warning/error messages (HO)
Package: ltxcmds 2016/05/16 v1.23 LaTeX kernel commands for general use (HO)
Package hobsub Info: Skipping package `ifluatex' (already loaded).
Package: ifvtex 2016/05/16 v1.6 Detect VTeX and its facilities (HO)
Package ifvtex Info: VTeX not detected.
Package: intcalc 2016/05/16 v1.2 Expandable calculations with integers (HO)
Package hobsub Info: Skipping package `ifpdf' (already loaded).
Package: etexcmds 2016/05/16 v1.6 Avoid name clashes with e-TeX commands (HO)
Package etexcmds Info: Could not find \expanded.
(etexcmds)             That can mean that you are not using pdfTeX 1.50 or
(etexcmds)             that some package has redefined \expanded.
(etexcmds)             In the latter case, load this package earlier.
Package: kvsetkeys 2016/05/16 v1.17 Key value parser (HO)
Package: kvdefinekeys 2016/05/16 v1.4 Define keys (HO)
Package: pdftexcmds 2018/09/10 v0.29 Utility functions of pdfTeX for LuaTeX (HO
)
Package pdftexcmds Info: LuaTeX not detected.
Package pdftexcmds Info: \pdf@primitive is available.
Package pdftexcmds Info: \pdf@ifprimitive is available.
Package pdftexcmds Info: \pdfdraftmode found.
Package: pdfescape 2016/05/16 v1.14 Implements pdfTeX's escape features (HO)
Package: bigintcalc 2016/05/16 v1.4 Expandable calculations on big integers (HO
)
Package: bitset 2016/05/16 v1.2 Handle bit-vector datatype (HO)
Package: uniquecounter 2016/05/16 v1.3 Provide unlimited unique counter (HO)
)
Package hobsub Info: Skipping package `hobsub' (already loaded).
Package: letltxmacro 2016/05/16 v1.5 Let assignment for LaTeX macros (HO)
Package: hopatch 2016/05/16 v1.3 Wrapper for package hooks (HO)
Package: xcolor-patch 2016/05/16 xcolor patch
Package: atveryend 2016/05/16 v1.9 Hooks at the very end of document (HO)
Package atveryend Info: \enddocument detected (standard20110627).
Package: atbegshi 2016/06/09 v1.18 At begin shipout hook (HO)
Package: refcount 2016/05/16 v3.5 Data extraction from label references (HO)
Package: hycolor 2016/05/16 v1.8 Color options for hyperref/bookmark (HO)
)
(c:/texlive/2018/texmf-dist/tex/latex/graphics/keyval.sty
Package: keyval 2014/10/28 v1.15 key=value parser (DPC)
\KV@toks@=\toks18
)
(c:/texlive/2018/texmf-dist/tex/latex/oberdiek/auxhook.sty
Package: auxhook 2016/05/16 v1.4 Hooks for auxiliary files (HO)
)
(c:/texlive/2018/texmf-dist/tex/latex/oberdiek/kvoptions.sty
Package: kvoptions 2016/05/16 v3.12 Key value format for package options (HO)
)
\@linkdim=\dimen103
\Hy@linkcounter=\count90
\Hy@pagecounter=\count91

(c:/texlive/2018/texmf-dist/tex/latex/hyperref/pd1enc.def
File: pd1enc.def 2018/11/30 v6.88e Hyperref: PDFDocEncoding definition (HO)
)
\Hy@SavedSpaceFactor=\count92

(c:/texlive/2018/texmf-dist/tex/latex/latexconfig/hyperref.cfg
File: hyperref.cfg 2002/06/06 v1.2 hyperref configuration of TeXLive
)
Package hyperref Info: Option `pdfa' set `true' on input line 4393.
Package hyperref Info: Hyper figures OFF on input line 4519.
Package hyperref Info: Link nesting OFF on input line 4524.
Package hyperref Info: Hyper index ON on input line 4527.
Package hyperref Info: Plain pages OFF on input line 4534.
Package hyperref Info: Backreferencing OFF on input line 4539.
Package hyperref Info: Implicit mode ON; LaTeX internals redefined.
Package hyperref Info: Bookmarks ON on input line 4772.
\c@Hy@tempcnt=\count93

(c:/texlive/2018/texmf-dist/tex/latex/url/url.sty
\Urlmuskip=\muskip10
Package: url 2013/09/16  ver 3.4  Verb mode for urls, etc.
)
LaTeX Info: Redefining \url on input line 5125.
\XeTeXLinkMargin=\dimen104
\Fld@menulength=\count94
\Field@Width=\dimen105
\Fld@charsize=\dimen106
Package hyperref Info: Hyper figures OFF on input line 6380.
Package hyperref Info: Link nesting OFF on input line 6385.
Package hyperref Info: Hyper index ON on input line 6388.
Package hyperref Info: backreferencing OFF on input line 6395.
Package hyperref Info: Link coloring OFF on input line 6400.
Package hyperref Info: Link coloring with OCG OFF on input line 6405.
Package hyperref Info: PDF/A mode ON on input line 6408.
LaTeX Info: Redefining \ref on input line 6450.
LaTeX Info: Redefining \pageref on input line 6454.
\Hy@abspage=\count95
\c@Item=\count96
\c@Hfootnote=\count97
)
Package hyperref Info: Driver: hpdftex.

(c:/texlive/2018/texmf-dist/tex/latex/hyperref/hpdftex.def
File: hpdftex.def 2018/11/30 v6.88e Hyperref driver for pdfTeX
\Fld@listcount=\count98
\c@bookmark@seq@number=\count99

(c:/texlive/2018/texmf-dist/tex/latex/oberdiek/rerunfilecheck.sty
Package: rerunfilecheck 2016/05/16 v1.8 Rerun checks for auxiliary files (HO)
Package uniquecounter Info: New unique counter `rerunfilecheck' on input line 2
82.
)
\Hy@SectionHShift=\skip43
)
Package hyperref Info: Option `unicode' set `true' on input line 1434.

(c:/texlive/2018/texmf-dist/tex/latex/hyperref/puenc.def
File: puenc.def 2018/11/30 v6.88e Hyperref: PDF Unicode definition (HO)
)
(c:/texlive/2018/texmf-dist/tex/generic/oberdiek/stringenc.sty
Package: stringenc 2016/05/16 v1.11 Convert strings between diff. encodings (HO
)
)
Package hyperref Info: Option `psdextra' set `true' on input line 1436.

(c:/texlive/2018/texmf-dist/tex/latex/hyperref/psdextra.def
File: psdextra.def 2018/11/30 v6.88e Hyperref: Additions to PDF string support
)
(c:/texlive/2018/texmf-dist/tex/generic/colorprofiles/colorprofiles.sty
Package: colorprofiles 2018/11/01 v1.0.1 color profiles for PDF/X and PDF/A sup
port

(c:/texlive/2018/texmf-dist/tex/generic/colorprofiles/colorprofiles.tex))
(c:/texlive/2018/texmf-dist/tex/generic/oberdiek/se-pdfdoc.def
File: se-pdfdoc.def 2016/05/16 v1.11 stringenc: PDFDocEncoding
)
(c:/texlive/2018/texmf-dist/tex/latex/pdfx/AdobeColorProfiles.tex)
(c:/texlive/2018/texmf-dist/tex/latex/pdfx/8bit.def
File: 8bit.def 2008/03/30 v1.1d Input encoding file
)
** pdfx: Metadata file prace.xmpdata read successfully.
(./prace.xmpdata)<<sRGB.icc>>
(c:/texlive/2018/texmf-dist/tex/latex/pdfx/8bit.def
File: 8bit.def 2008/03/30 v1.1d Input encoding file
)
(c:/texlive/2018/texmf-dist/tex/generic/oberdiek/se-utf8.def
File: se-utf8.def 2016/05/16 v1.11 stringenc: UTF-8
)
Package hyperref Info: Option `unicode' set `true' on input line 2374.
Package hyperref Info: Option `unicode' set `true' on input line 2375.

(c:/texlive/2018/texmf-dist/tex/latex/pdfx/8bit.def
File: 8bit.def 2008/03/30 v1.1d Input encoding file
)
(c:/texlive/2018/texmf-dist/tex/generic/pdftex/glyphtounicode.tex)
(c:/texlive/2018/texmf-dist/tex/latex/pdfx/glyphtounicode-cmr.tex)
(c:/texlive/2018/texmf-dist/tex/latex/pdfx/glyphtounicode-ntx.tex)
(c:/texlive/2018/texmf-dist/tex/latex/base/ifthen.sty
Package: ifthen 2014/09/29 v1.1c Standard LaTeX ifthen package (DPC)
)
(c:/texlive/2018/texmf-dist/tex/latex/xmpincl/xmpincl.sty
Package: xmpincl 2008/05/10 v2.2 Include XMP data in pdflatex
)
(c:/texlive/2018/texmf-dist/tex/latex/pdfx/8bit.def
File: 8bit.def 2008/03/30 v1.1d Input encoding file
)
Using XMP template file: pdfa.xmp
\xmpinclWrite=\write3
\xmpinclRead=\read1
\openout3 = `pdfa.xmpi'.

<<pdfa.xmpi>>) (c:/texlive/2018/texmf-dist/tex/generic/babel/babel.sty
Package: babel 2018/11/13 3.27 The Babel package

(c:/texlive/2018/texmf-dist/tex/generic/babel/switch.def
File: switch.def 2018/11/13 3.27 Babel switching mechanism
)
(c:/texlive/2018/texmf-dist/tex/generic/babel-czech/czech.ldf
Language: czech 2008/07/06 v3.1a Czech support from the babel system

(c:/texlive/2018/texmf-dist/tex/generic/babel/babel.def
File: babel.def 2018/11/13 3.27 Babel common definitions
\babel@savecnt=\count100
\U@D=\dimen107

(c:/texlive/2018/texmf-dist/tex/generic/babel/txtbabel.def)
\bbl@dirlevel=\count101
)
Package babel Info: Making " an active character on input line 172.
\cs@wordlen=\count102
Package babel Info: Making - an active character on input line 226.
))
(c:/texlive/2018/texmf-dist/tex/latex/lm/lmodern.sty
Package: lmodern 2009/10/30 v1.6 Latin Modern Fonts
LaTeX Font Info:    Overwriting symbol font `operators' in version `normal'
(Font)                  OT1/cmr/m/n --> OT1/lmr/m/n on input line 22.
LaTeX Font Info:    Overwriting symbol font `letters' in version `normal'
(Font)                  OML/cmm/m/it --> OML/lmm/m/it on input line 23.
LaTeX Font Info:    Overwriting symbol font `symbols' in version `normal'
(Font)                  OMS/cmsy/m/n --> OMS/lmsy/m/n on input line 24.
LaTeX Font Info:    Overwriting symbol font `largesymbols' in version `normal'
(Font)                  OMX/cmex/m/n --> OMX/lmex/m/n on input line 25.
LaTeX Font Info:    Overwriting symbol font `operators' in version `bold'
(Font)                  OT1/cmr/bx/n --> OT1/lmr/bx/n on input line 26.
LaTeX Font Info:    Overwriting symbol font `letters' in version `bold'
(Font)                  OML/cmm/b/it --> OML/lmm/b/it on input line 27.
LaTeX Font Info:    Overwriting symbol font `symbols' in version `bold'
(Font)                  OMS/cmsy/b/n --> OMS/lmsy/b/n on input line 28.
LaTeX Font Info:    Overwriting symbol font `largesymbols' in version `bold'
(Font)                  OMX/cmex/m/n --> OMX/lmex/m/n on input line 29.
LaTeX Font Info:    Overwriting math alphabet `\mathbf' in version `normal'
(Font)                  OT1/cmr/bx/n --> OT1/lmr/bx/n on input line 31.
LaTeX Font Info:    Overwriting math alphabet `\mathsf' in version `normal'
(Font)                  OT1/cmss/m/n --> OT1/lmss/m/n on input line 32.
LaTeX Font Info:    Overwriting math alphabet `\mathit' in version `normal'
(Font)                  OT1/cmr/m/it --> OT1/lmr/m/it on input line 33.
LaTeX Font Info:    Overwriting math alphabet `\mathtt' in version `normal'
(Font)                  OT1/cmtt/m/n --> OT1/lmtt/m/n on input line 34.
LaTeX Font Info:    Overwriting math alphabet `\mathbf' in version `bold'
(Font)                  OT1/cmr/bx/n --> OT1/lmr/bx/n on input line 35.
LaTeX Font Info:    Overwriting math alphabet `\mathsf' in version `bold'
(Font)                  OT1/cmss/bx/n --> OT1/lmss/bx/n on input line 36.
LaTeX Font Info:    Overwriting math alphabet `\mathit' in version `bold'
(Font)                  OT1/cmr/bx/it --> OT1/lmr/bx/it on input line 37.
LaTeX Font Info:    Overwriting math alphabet `\mathtt' in version `bold'
(Font)                  OT1/cmtt/m/n --> OT1/lmtt/m/n on input line 38.
)
(c:/texlive/2018/texmf-dist/tex/latex/base/fontenc.sty
Package: fontenc 2018/08/11 v2.0j Standard LaTeX package

(c:/texlive/2018/texmf-dist/tex/latex/base/t1enc.def
File: t1enc.def 2018/08/11 v2.0j Standard LaTeX file
LaTeX Font Info:    Redeclaring font encoding T1 on input line 48.
))
(c:/texlive/2018/texmf-dist/tex/latex/base/textcomp.sty
Package: textcomp 2018/08/11 v2.0j Standard LaTeX package
Package textcomp Info: Sub-encoding information:
(textcomp)               5 = only ISO-Adobe without \textcurrency
(textcomp)               4 = 5 + \texteuro
(textcomp)               3 = 4 + \textohm
(textcomp)               2 = 3 + \textestimated + \textcurrency
(textcomp)               1 = TS1 - \textcircled - \t
(textcomp)               0 = TS1 (full)
(textcomp)             Font families with sub-encoding setting implement
(textcomp)             only a restricted character set as indicated.
(textcomp)             Family '?' is the default used for unknown fonts.
(textcomp)             See the documentation for details.
Package textcomp Info: Setting ? sub-encoding to TS1/1 on input line 79.

(c:/texlive/2018/texmf-dist/tex/latex/base/ts1enc.def
File: ts1enc.def 2001/06/05 v3.0e (jk/car/fm) Standard LaTeX file
)
LaTeX Info: Redefining \oldstylenums on input line 334.
Package textcomp Info: Setting cmr sub-encoding to TS1/0 on input line 349.
Package textcomp Info: Setting cmss sub-encoding to TS1/0 on input line 350.
Package textcomp Info: Setting cmtt sub-encoding to TS1/0 on input line 351.
Package textcomp Info: Setting cmvtt sub-encoding to TS1/0 on input line 352.
Package textcomp Info: Setting cmbr sub-encoding to TS1/0 on input line 353.
Package textcomp Info: Setting cmtl sub-encoding to TS1/0 on input line 354.
Package textcomp Info: Setting ccr sub-encoding to TS1/0 on input line 355.
Package textcomp Info: Setting ptm sub-encoding to TS1/4 on input line 356.
Package textcomp Info: Setting pcr sub-encoding to TS1/4 on input line 357.
Package textcomp Info: Setting phv sub-encoding to TS1/4 on input line 358.
Package textcomp Info: Setting ppl sub-encoding to TS1/3 on input line 359.
Package textcomp Info: Setting pag sub-encoding to TS1/4 on input line 360.
Package textcomp Info: Setting pbk sub-encoding to TS1/4 on input line 361.
Package textcomp Info: Setting pnc sub-encoding to TS1/4 on input line 362.
Package textcomp Info: Setting pzc sub-encoding to TS1/4 on input line 363.
Package textcomp Info: Setting bch sub-encoding to TS1/4 on input line 364.
Package textcomp Info: Setting put sub-encoding to TS1/5 on input line 365.
Package textcomp Info: Setting uag sub-encoding to TS1/5 on input line 366.
Package textcomp Info: Setting ugq sub-encoding to TS1/5 on input line 367.
Package textcomp Info: Setting ul8 sub-encoding to TS1/4 on input line 368.
Package textcomp Info: Setting ul9 sub-encoding to TS1/4 on input line 369.
Package textcomp Info: Setting augie sub-encoding to TS1/5 on input line 370.
Package textcomp Info: Setting dayrom sub-encoding to TS1/3 on input line 371.
Package textcomp Info: Setting dayroms sub-encoding to TS1/3 on input line 372.

Package textcomp Info: Setting pxr sub-encoding to TS1/0 on input line 373.
Package textcomp Info: Setting pxss sub-encoding to TS1/0 on input line 374.
Package textcomp Info: Setting pxtt sub-encoding to TS1/0 on input line 375.
Package textcomp Info: Setting txr sub-encoding to TS1/0 on input line 376.
Package textcomp Info: Setting txss sub-encoding to TS1/0 on input line 377.
Package textcomp Info: Setting txtt sub-encoding to TS1/0 on input line 378.
Package textcomp Info: Setting lmr sub-encoding to TS1/0 on input line 379.
Package textcomp Info: Setting lmdh sub-encoding to TS1/0 on input line 380.
Package textcomp Info: Setting lmss sub-encoding to TS1/0 on input line 381.
Package textcomp Info: Setting lmssq sub-encoding to TS1/0 on input line 382.
Package textcomp Info: Setting lmvtt sub-encoding to TS1/0 on input line 383.
Package textcomp Info: Setting lmtt sub-encoding to TS1/0 on input line 384.
Package textcomp Info: Setting qhv sub-encoding to TS1/0 on input line 385.
Package textcomp Info: Setting qag sub-encoding to TS1/0 on input line 386.
Package textcomp Info: Setting qbk sub-encoding to TS1/0 on input line 387.
Package textcomp Info: Setting qcr sub-encoding to TS1/0 on input line 388.
Package textcomp Info: Setting qcs sub-encoding to TS1/0 on input line 389.
Package textcomp Info: Setting qpl sub-encoding to TS1/0 on input line 390.
Package textcomp Info: Setting qtm sub-encoding to TS1/0 on input line 391.
Package textcomp Info: Setting qzc sub-encoding to TS1/0 on input line 392.
Package textcomp Info: Setting qhvc sub-encoding to TS1/0 on input line 393.
Package textcomp Info: Setting futs sub-encoding to TS1/4 on input line 394.
Package textcomp Info: Setting futx sub-encoding to TS1/4 on input line 395.
Package textcomp Info: Setting futj sub-encoding to TS1/4 on input line 396.
Package textcomp Info: Setting hlh sub-encoding to TS1/3 on input line 397.
Package textcomp Info: Setting hls sub-encoding to TS1/3 on input line 398.
Package textcomp Info: Setting hlst sub-encoding to TS1/3 on input line 399.
Package textcomp Info: Setting hlct sub-encoding to TS1/5 on input line 400.
Package textcomp Info: Setting hlx sub-encoding to TS1/5 on input line 401.
Package textcomp Info: Setting hlce sub-encoding to TS1/5 on input line 402.
Package textcomp Info: Setting hlcn sub-encoding to TS1/5 on input line 403.
Package textcomp Info: Setting hlcw sub-encoding to TS1/5 on input line 404.
Package textcomp Info: Setting hlcf sub-encoding to TS1/5 on input line 405.
Package textcomp Info: Setting pplx sub-encoding to TS1/3 on input line 406.
Package textcomp Info: Setting pplj sub-encoding to TS1/3 on input line 407.
Package textcomp Info: Setting ptmx sub-encoding to TS1/4 on input line 408.
Package textcomp Info: Setting ptmj sub-encoding to TS1/4 on input line 409.
)
(c:/texlive/2018/texmf-dist/tex/latex/base/inputenc.sty
Package: inputenc 2018/08/11 v1.3c Input encoding file
)
(c:/texlive/2018/texmf-dist/tex/latex/amsmath/amsmath.sty
Package: amsmath 2018/12/01 v2.17b AMS math features
\@mathmargin=\skip44

For additional information on amsmath, use the `?' option.
(c:/texlive/2018/texmf-dist/tex/latex/amsmath/amstext.sty
Package: amstext 2000/06/29 v2.01 AMS text

(c:/texlive/2018/texmf-dist/tex/latex/amsmath/amsgen.sty
File: amsgen.sty 1999/11/30 v2.0 generic functions
\@emptytoks=\toks19
\ex@=\dimen108
))
(c:/texlive/2018/texmf-dist/tex/latex/amsmath/amsbsy.sty
Package: amsbsy 1999/11/29 v1.2d Bold Symbols
\pmbraise@=\dimen109
)
(c:/texlive/2018/texmf-dist/tex/latex/amsmath/amsopn.sty
Package: amsopn 2016/03/08 v2.02 operator names
)
\inf@bad=\count103
LaTeX Info: Redefining \frac on input line 223.
\uproot@=\count104
\leftroot@=\count105
LaTeX Info: Redefining \overline on input line 385.
\classnum@=\count106
\DOTSCASE@=\count107
LaTeX Info: Redefining \ldots on input line 482.
LaTeX Info: Redefining \dots on input line 485.
LaTeX Info: Redefining \cdots on input line 606.
\Mathstrutbox@=\box27
\strutbox@=\box28
\big@size=\dimen110
LaTeX Font Info:    Redeclaring font encoding OML on input line 729.
LaTeX Font Info:    Redeclaring font encoding OMS on input line 730.
\macc@depth=\count108
\c@MaxMatrixCols=\count109
\dotsspace@=\muskip11
\c@parentequation=\count110
\dspbrk@lvl=\count111
\tag@help=\toks20
\row@=\count112
\column@=\count113
\maxfields@=\count114
\andhelp@=\toks21
\eqnshift@=\dimen111
\alignsep@=\dimen112
\tagshift@=\dimen113
\tagwidth@=\dimen114
\totwidth@=\dimen115
\lineht@=\dimen116
\@envbody=\toks22
\multlinegap=\skip45
\multlinetaggap=\skip46
\mathdisplay@stack=\toks23
LaTeX Info: Redefining \[ on input line 2844.
LaTeX Info: Redefining \] on input line 2845.
)
(c:/texlive/2018/texmf-dist/tex/latex/amsfonts/amsfonts.sty
Package: amsfonts 2013/01/14 v3.01 Basic AMSFonts support
\symAMSa=\mathgroup4
\symAMSb=\mathgroup5
LaTeX Font Info:    Overwriting math alphabet `\mathfrak' in version `bold'
(Font)                  U/euf/m/n --> U/euf/b/n on input line 106.
)
(c:/texlive/2018/texmf-dist/tex/latex/amscls/amsthm.sty
Package: amsthm 2017/10/31 v2.20.4
\thm@style=\toks24
\thm@bodyfont=\toks25
\thm@headfont=\toks26
\thm@notefont=\toks27
\thm@headpunct=\toks28
\thm@preskip=\skip47
\thm@postskip=\skip48
\thm@headsep=\skip49
\dth@everypar=\toks29
)
(c:/texlive/2018/texmf-dist/tex/latex/bbding/bbding.sty
Package: bbding 1999/04/15 v1.01 Dingbats symbols
)
(c:/texlive/2018/texmf-dist/tex/latex/tools/bm.sty
Package: bm 2017/01/16 v1.2c Bold Symbol Support (DPC/FMi)
\symboldoperators=\mathgroup6
\symboldletters=\mathgroup7
\symboldsymbols=\mathgroup8
LaTeX Font Info:    Redeclaring math alphabet \mathbf on input line 141.
LaTeX Info: Redefining \bm on input line 207.
)
(c:/texlive/2018/texmf-dist/tex/latex/graphics/graphicx.sty
Package: graphicx 2017/06/01 v1.1a Enhanced LaTeX Graphics (DPC,SPQR)

(c:/texlive/2018/texmf-dist/tex/latex/graphics/graphics.sty
Package: graphics 2017/06/25 v1.2c Standard LaTeX Graphics (DPC,SPQR)

(c:/texlive/2018/texmf-dist/tex/latex/graphics/trig.sty
Package: trig 2016/01/03 v1.10 sin cos tan (DPC)
)
(c:/texlive/2018/texmf-dist/tex/latex/graphics-cfg/graphics.cfg
File: graphics.cfg 2016/06/04 v1.11 sample graphics configuration
)
Package graphics Info: Driver file: pdftex.def on input line 99.
)
\Gin@req@height=\dimen117
\Gin@req@width=\dimen118
)
(c:/texlive/2018/texmf-dist/tex/latex/fancyvrb/fancyvrb.sty
Package: fancyvrb 2019/01/15

Style option: `fancyvrb' v3.2a <2019/01/15> (tvz)
\FV@CodeLineNo=\count115
\FV@InFile=\read2
\FV@TabBox=\box29
\c@FancyVerbLine=\count116
\FV@StepNumber=\count117
\FV@OutFile=\write4
)
(c:/texlive/2018/texmf-dist/tex/latex/tools/indentfirst.sty
Package: indentfirst 1995/11/23 v1.03 Indent first paragraph (DPC)
)
(c:/texlive/2018/texmf-dist/tex/latex/natbib/natbib.sty
Package: natbib 2010/09/13 8.31b (PWD, AO)
\bibhang=\skip50
\bibsep=\skip51
LaTeX Info: Redefining \cite on input line 694.
\c@NAT@ctr=\count118
)
(c:/texlive/2018/texmf-dist/tex/latex/tocbibind/tocbibind.sty
Package: tocbibind 2010/10/13 v1.5k extra ToC listings
Package tocbibind Info: The document has chapter divisions on input line 50.


Package tocbibind Note: Using chapter style headings, unless overridden.

) (c:/texlive/2018/texmf-dist/tex/latex/was/icomma.sty
Package: icomma 2002/03/10 v2.0 (WaS)
)
(c:/texlive/2018/texmf-dist/tex/latex/tools/dcolumn.sty
Package: dcolumn 2014/10/28 v1.06 decimal alignment package (DPC)

(c:/texlive/2018/texmf-dist/tex/latex/tools/array.sty
Package: array 2018/12/30 v2.4k Tabular extension package (FMi)
\col@sep=\dimen119
\ar@mcellbox=\box30
\extrarowheight=\dimen120
\NC@list=\toks30
\extratabsurround=\skip52
\backup@length=\skip53
\ar@cellbox=\box31
))
(c:/texlive/2018/texmf-dist/tex/latex/booktabs/booktabs.sty
Package: booktabs 2016/04/27 v1.618033 publication quality tables
\heavyrulewidth=\dimen121
\lightrulewidth=\dimen122
\cmidrulewidth=\dimen123
\belowrulesep=\dimen124
\belowbottomsep=\dimen125
\aboverulesep=\dimen126
\abovetopsep=\dimen127
\cmidrulesep=\dimen128
\cmidrulekern=\dimen129
\defaultaddspace=\dimen130
\@cmidla=\count119
\@cmidlb=\count120
\@aboverulesep=\dimen131
\@belowrulesep=\dimen132
\@thisruleclass=\count121
\@lastruleclass=\count122
\@thisrulewidth=\dimen133
)
(c:/texlive/2018/texmf-dist/tex/latex/paralist/paralist.sty
Package: paralist 2017/01/22 v2.7 Extended list environments
\pltopsep=\skip54
\plpartopsep=\skip55
\plitemsep=\skip56
\plparsep=\skip57
\pl@lab=\toks31
)
(c:/texlive/2018/texmf-dist/tex/latex/todo/todo.sty
Package: todo 2010/03/31 v2.4142 To-do list (Federico Garcia)

(c:/texlive/2018/texmf-dist/tex/latex/amsfonts/amssymb.sty
Package: amssymb 2013/01/14 v3.01 AMS font symbols
)
\@todotoks=\toks32
\c@todo=\count123
)
(c:/texlive/2018/texmf-dist/tex/latex/subfig/subfig.sty
Package: subfig 2005/06/28 ver: 1.3 subfig package

(c:/texlive/2018/texmf-dist/tex/latex/caption/caption.sty
Package: caption 2018/10/06 v3.3-154 Customizing captions (AR)

(c:/texlive/2018/texmf-dist/tex/latex/caption/caption3.sty
Package: caption3 2018/09/12 v1.8c caption3 kernel (AR)
Package caption3 Info: TeX engine: e-TeX on input line 64.
\captionmargin=\dimen134
\captionmargin@=\dimen135
\captionwidth=\dimen136
\caption@tempdima=\dimen137
\caption@indent=\dimen138
\caption@parindent=\dimen139
\caption@hangindent=\dimen140
)
\c@caption@flags=\count124
\c@ContinuedFloat=\count125
Package caption Info: hyperref package is loaded.
)
\c@KVtest=\count126
\sf@farskip=\skip58
\sf@captopadj=\dimen141
\sf@capskip=\skip59
\sf@nearskip=\skip60
\c@subfigure=\count127
\c@subfigure@save=\count128
\c@lofdepth=\count129
\c@subtable=\count130
\c@subtable@save=\count131
\c@lotdepth=\count132
\sf@top=\skip61
\sf@bottom=\skip62
)
(c:/texlive/2018/texmf-dist/tex/latex/enumitem/enumitem.sty
Package: enumitem 2019/02/04 v3.8 Customized lists
\labelindent=\skip63
\enit@outerparindent=\dimen142
\enit@toks=\toks33
\enit@inbox=\box32
\enit@count@id=\count133
\enitdp@description=\count134
)
Package hyperref Info: Option `unicode' set `true' on input line 133.
Package hyperref Info: Option `breaklinks' set `true' on input line 134.

\@input{makra.aux}
\openout2 = `makra.aux'.

(./makra.tex
\c@veta=\count135
\c@definice=\count136
)

LaTeX Warning: Unused global option(s):
    [usenames].

(./prace.aux (./titulka.aux) (./uvod.aux) (./kap01.aux) (./kap02.aux)
(./kap03.aux) (./kap04.aux) (./zaver.aux) (./literatura.aux))
\openout1 = `prace.aux'.

LaTeX Font Info:    Checking defaults for OML/cmm/m/it on input line 140.
LaTeX Font Info:    ... okay on input line 140.
LaTeX Font Info:    Checking defaults for T1/cmr/m/n on input line 140.
LaTeX Font Info:    ... okay on input line 140.
LaTeX Font Info:    Checking defaults for OT1/cmr/m/n on input line 140.
LaTeX Font Info:    ... okay on input line 140.
LaTeX Font Info:    Checking defaults for OMS/cmsy/m/n on input line 140.
LaTeX Font Info:    ... okay on input line 140.
LaTeX Font Info:    Checking defaults for OMX/cmex/m/n on input line 140.
LaTeX Font Info:    ... okay on input line 140.
LaTeX Font Info:    Checking defaults for U/cmr/m/n on input line 140.
LaTeX Font Info:    ... okay on input line 140.
LaTeX Font Info:    Checking defaults for PD1/pdf/m/n on input line 140.
LaTeX Font Info:    ... okay on input line 140.
LaTeX Font Info:    Checking defaults for PU/pdf/m/n on input line 140.
LaTeX Font Info:    ... okay on input line 140.
LaTeX Font Info:    Checking defaults for TS1/cmr/m/n on input line 140.
LaTeX Font Info:    Try loading font information for TS1+cmr on input line 140.


(c:/texlive/2018/texmf-dist/tex/latex/base/ts1cmr.fd
File: ts1cmr.fd 2014/09/29 v2.5h Standard LaTeX font definitions
)
LaTeX Font Info:    ... okay on input line 140.
LaTeX Font Info:    Try loading font information for T1+lmr on input line 140.

(c:/texlive/2018/texmf-dist/tex/latex/lm/t1lmr.fd
File: t1lmr.fd 2009/10/30 v1.6 Font defs for Latin Modern
)
ABD: EveryShipout initializing macros
(c:/texlive/2018/texmf-dist/tex/context/base/mkii/supp-pdf.mkii
[Loading MPS to PDF converter (version 2006.09.02).]
\scratchcounter=\count137
\scratchdimen=\dimen143
\scratchbox=\box33
\nofMPsegments=\count138
\nofMParguments=\count139
\everyMPshowfont=\toks34
\MPscratchCnt=\count140
\MPscratchDim=\dimen144
\MPnumerator=\count141
\makeMPintoPDFobject=\count142
\everyMPtoPDFconversion=\toks35
) (c:/texlive/2018/texmf-dist/tex/latex/oberdiek/epstopdf-base.sty
Package: epstopdf-base 2016/05/15 v2.6 Base part for package epstopdf

(c:/texlive/2018/texmf-dist/tex/latex/oberdiek/grfext.sty
Package: grfext 2016/05/16 v1.2 Manage graphics extensions (HO)
)
Package epstopdf-base Info: Redefining graphics rule for `.eps' on input line 4
38.
Package grfext Info: Graphics extension search list:
(grfext)             [.pdf,.png,.jpg,.mps,.jpeg,.jbig2,.jb2,.PDF,.PNG,.JPG,.JPE
G,.JBIG2,.JB2,.eps]
(grfext)             \AppendGraphicsExtensions on input line 456.

(c:/texlive/2018/texmf-dist/tex/latex/latexconfig/epstopdf-sys.cfg
File: epstopdf-sys.cfg 2010/07/13 v1.3 Configuration of (r)epstopdf for TeX Liv
e
))
\AtBeginShipoutBox=\box34
Package hyperref Info: Link coloring OFF on input line 140.

(c:/texlive/2018/texmf-dist/tex/latex/hyperref/nameref.sty
Package: nameref 2016/05/21 v2.44 Cross-referencing by name of section

(c:/texlive/2018/texmf-dist/tex/generic/oberdiek/gettitlestring.sty
Package: gettitlestring 2016/05/16 v1.5 Cleanup title references (HO)
)
\c@section@level=\count143
)
LaTeX Info: Redefining \ref on input line 140.
LaTeX Info: Redefining \pageref on input line 140.
LaTeX Info: Redefining \nameref on input line 140.

(./prace.out) (./prace.out)
\@outlinefile=\write5
\openout5 = `prace.out'.

Package caption Info: Begin \AtBeginDocument code.
Package caption Info: subfig package v1.3 is loaded.
Package caption Info: End \AtBeginDocument code.
\openout2 = `titulka.aux'.

 (./titulka.tex
Package hyperref Info: Option `pageanchor' set `false' on input line 6.
<../img/logo-cs.pdf, id=175, 506.4591pt x 156.49065pt>
File: ../img/logo-cs.pdf Graphic file (type pdf)
<use ../img/logo-cs.pdf>
Package pdftex.def Info: ../img/logo-cs.pdf  used on input line 10.
(pdftex.def)             Requested size: 472.31573pt x 145.9455pt.
LaTeX Font Info:    Try loading font information for OT1+lmr on input line 31.

(c:/texlive/2018/texmf-dist/tex/latex/lm/ot1lmr.fd
File: ot1lmr.fd 2009/10/30 v1.6 Font defs for Latin Modern
)
LaTeX Font Info:    Try loading font information for OML+lmm on input line 31.

(c:/texlive/2018/texmf-dist/tex/latex/lm/omllmm.fd
File: omllmm.fd 2009/10/30 v1.6 Font defs for Latin Modern
)
LaTeX Font Info:    Try loading font information for OMS+lmsy on input line 31.


(c:/texlive/2018/texmf-dist/tex/latex/lm/omslmsy.fd
File: omslmsy.fd 2009/10/30 v1.6 Font defs for Latin Modern
)
LaTeX Font Info:    Try loading font information for OMX+lmex on input line 31.


(c:/texlive/2018/texmf-dist/tex/latex/lm/omxlmex.fd
File: omxlmex.fd 2009/10/30 v1.6 Font defs for Latin Modern
)
LaTeX Font Info:    External font `lmex10' loaded for size
(Font)              <12> on input line 31.
LaTeX Font Info:    External font `lmex10' loaded for size
(Font)              <8> on input line 31.
LaTeX Font Info:    External font `lmex10' loaded for size
(Font)              <6> on input line 31.
LaTeX Font Info:    Try loading font information for U+msa on input line 31.

(c:/texlive/2018/texmf-dist/tex/latex/amsfonts/umsa.fd
File: umsa.fd 2013/01/14 v3.01 AMS symbols A
)
LaTeX Font Info:    Try loading font information for U+msb on input line 31.

(c:/texlive/2018/texmf-dist/tex/latex/amsfonts/umsb.fd
File: umsb.fd 2013/01/14 v3.01 AMS symbols B
) [1




 <../img/logo-cs.pdf>]
Package hyperref Info: Option `pageanchor' set `true' on input line 55.
 [1

] [2

] [3

]) (./prace.toc [1



])
\tf@toc=\write6
\openout6 = `prace.toc'.

 [2]
\openout2 = `uvod.aux'.

 (./uvod.tex
Kapitola 1.
LaTeX Font Info:    Try loading font information for TS1+lmr on input line 9.
(c:/texlive/2018/texmf-dist/tex/latex/lm/ts1lmr.fd
File: ts1lmr.fd 2009/10/30 v1.6 Font defs for Latin Modern
)
LaTeX Font Info:    External font `lmex10' loaded for size
(Font)              <10> on input line 15.
LaTeX Font Info:    External font `lmex10' loaded for size
(Font)              <7> on input line 15.
LaTeX Font Info:    External font `lmex10' loaded for size
(Font)              <5> on input line 15.
 [3


] [4]
LaTeX Font Info:    Try loading font information for T1+lmss on input line 57.

(c:/texlive/2018/texmf-dist/tex/latex/lm/t1lmss.fd
File: t1lmss.fd 2009/10/30 v1.6 Font defs for Latin Modern
)
Underfull \hbox (badness 10000) in paragraph at lines 57--57
[]\T1/lmss/m/n/10.95 To do
 []


Underfull \hbox (badness 10000) in paragraph at lines 57--57
[]\T1/lmss/m/n/10.95 To do
 []


LaTeX Warning: Marginpar on page 5 moved.


Underfull \hbox (badness 10000) in paragraph at lines 59--59
[]\T1/lmss/m/n/10.95 To do
 []

[5]
<./img/strongholdtiles.png, id=320, 232.9503pt x 139.2402pt>
File: ./img/strongholdtiles.png Graphic file (type png)
<use ./img/strongholdtiles.png>
Package pdftex.def Info: ./img/strongholdtiles.png  used on input line 78.
(pdftex.def)             Requested size: 232.94972pt x 139.23985pt.
 [6 <./img/strongholdtiles.png>]
Underfull \hbox (badness 10000) in paragraph at lines 87--87
[]\T1/lmss/m/n/10.95 Dal²í
 []


Underfull \hbox (badness 10000) in paragraph at lines 87--87
\T1/lmss/m/n/10.95 druhy
 []

[7]
<./img/cohai.png, id=346, 1038.88126pt x 481.8pt>
File: ./img/cohai.png Graphic file (type png)
<use ./img/cohai.png>
Package pdftex.def Info: ./img/cohai.png  used on input line 120.
(pdftex.def)             Requested size: 363.61389pt x 168.63252pt.
 [8 <./img/cohai.png>] [9] [10] [11]
<./img/unitsonbuildings.png, id=389, 308.352pt x 205.4877pt>
File: ./img/unitsonbuildings.png Graphic file (type png)
<use ./img/unitsonbuildings.png>
Package pdftex.def Info: ./img/unitsonbuildings.png  used on input line 190.
(pdftex.def)             Requested size: 308.35124pt x 205.48718pt.
 [12 <./img/unitsonbuildings.png>]
[13]
<./img/civ5_tech_tree.jpg, id=416, 301.125pt x 168.63pt>
File: ./img/civ5_tech_tree.jpg Graphic file (type jpg)
<use ./img/civ5_tech_tree.jpg>
Package pdftex.def Info: ./img/civ5_tech_tree.jpg  used on input line 267.
(pdftex.def)             Requested size: 301.12425pt x 168.62958pt.


LaTeX Warning: `h' float specifier changed to `ht'.

[14]
<./img/warcraft_tech_tree.png, id=429, 133.6995pt x 158.994pt>
File: ./img/warcraft_tech_tree.png Graphic file (type png)
<use ./img/warcraft_tech_tree.png>
Package pdftex.def Info: ./img/warcraft_tech_tree.png  used on input line 277.
(pdftex.def)             Requested size: 133.69916pt x 158.9936pt.
 [15 <./img/civ5_tech_tree.jpg> <./img/warcraft_tech_tree.png>] [16]
<./img/cohcamrts.png, id=454, 1927.2pt x 1084.05pt>
File: ./img/cohcamrts.png Graphic file (type png)
<use ./img/cohcamrts.png>
Package pdftex.def Info: ./img/cohcamrts.png  used on input line 319.
(pdftex.def)             Requested size: 385.43318pt x 216.80615pt.
<./img/cohcamcin.png, id=455, 1927.2pt x 1084.05pt>
File: ./img/cohcamcin.png Graphic file (type png)
<use ./img/cohcamcin.png>
Package pdftex.def Info: ./img/cohcamcin.png  used on input line 326.
(pdftex.def)             Requested size: 385.43318pt x 216.80615pt.

[17 <./img/cohcamrts.png> <./img/cohcamcin.png>] [18] [19] [20]) [21]
\openout2 = `kap01.aux'.


(./kap01.tex
Kapitola 2.
[22



]
<./img/hearthstone_mobile_closed.png, id=557, 462.528pt x 260.172pt>
File: ./img/hearthstone_mobile_closed.png Graphic file (type png)
<use ./img/hearthstone_mobile_closed.png>
Package pdftex.def Info: ./img/hearthstone_mobile_closed.png  used on input lin
e 26.
(pdftex.def)             Requested size: 193.90602pt x 109.07298pt.
<./img/hearthstone_mobile_open.png, id=558, 462.528pt x 260.172pt>
File: ./img/hearthstone_mobile_open.png Graphic file (type png)
<use ./img/hearthstone_mobile_open.png>
Package pdftex.def Info: ./img/hearthstone_mobile_open.png  used on input line 
28.
(pdftex.def)             Requested size: 193.90602pt x 109.07298pt.
<./img/hearthstone_PC_closed.png, id=559, 462.528pt x 260.172pt>
File: ./img/hearthstone_PC_closed.png Graphic file (type png)
<use ./img/hearthstone_PC_closed.png>
Package pdftex.def Info: ./img/hearthstone_PC_closed.png  used on input line 35
.
(pdftex.def)             Requested size: 193.90602pt x 109.07298pt.
<./img/hearthstone_PC_open.png, id=560, 462.528pt x 260.172pt>
File: ./img/hearthstone_PC_open.png Graphic file (type png)
<use ./img/hearthstone_PC_open.png>
Package pdftex.def Info: ./img/hearthstone_PC_open.png  used on input line 37.
(pdftex.def)             Requested size: 193.90602pt x 109.07298pt.
 [23]
LaTeX Font Info:    Try loading font information for T1+lmtt on input line 45.
 (c:/texlive/2018/texmf-dist/tex/latex/lm/t1lmtt.fd
File: t1lmtt.fd 2009/10/30 v1.6 Font defs for Latin Modern
) [24 <./img/hearthstone_mobile_closed.png (PNG copy)> <./img/hearthstone_mobil
e_open.png (PNG copy)> <./img/hearthstone_PC_closed.png (PNG copy)> <./img/hear
thstone_PC_open.png (PNG copy)>] [25] [26] [27]
Overfull \hbox (0.84026pt too wide) in paragraph at lines 138--139
[]\T1/lmr/m/n/12 Mezi dal²í gra-fická data po-u-ºí-vaná na²í plat-for-mou jsou 
tex-tury dlaº-dic. Kaºdý|
 []

[28] [29] [30] [31]
Overfull \hbox (12.59279pt too wide) in paragraph at lines 189--190
[]\T1/lmr/m/n/12 Separovat re-pre-zen-taci en-tit do dvou t°íd, první, která d¥
dí od t°ídy \T1/lmtt/m/n/12 Component|
 []

[32] (./img/BigTextureMap.pdf_tex
<./img/BigTextureMap.pdf, id=672, page=1, 263.96716pt x 301.18712pt>
File: ./img/BigTextureMap.pdf Graphic file (type pdf)
<use ./img/BigTextureMap.pdf, page 1>
Package pdftex.def Info: ./img/BigTextureMap.pdf , page1 used on input line 56.

(pdftex.def)             Requested size: 263.96716pt x 301.21855pt.
)

LaTeX Warning: `h' float specifier changed to `ht'.

[33] (./img/SmallTextureMap.pdf_tex
<./img/SmallTextureMap.pdf, id=686, page=1, 188.61217pt x 181.40321pt>
File: ./img/SmallTextureMap.pdf Graphic file (type pdf)
<use ./img/SmallTextureMap.pdf, page 1>
Package pdftex.def Info: ./img/SmallTextureMap.pdf , page1 used on input line 5
6.
(pdftex.def)             Requested size: 188.61217pt x 181.40276pt.
)

LaTeX Warning: `h' float specifier changed to `ht'.


Underfull \hbox (badness 10000) in paragraph at lines 234--234
[]\T1/lmss/m/n/10.95 Kde
 []


Underfull \hbox (badness 1178) in paragraph at lines 234--234
\T1/lmss/m/n/10.95 sem to
 []


Underfull \hbox (badness 10000) in paragraph at lines 234--234
\T1/lmss/m/n/10.95 na-sel?
 []

[34 <./img/BigTextureMap.pdf>] [35 <./img/SmallTextureMap.pdf>]
Underfull \hbox (badness 10000) in paragraph at lines 243--243
[]\T1/lmss/m/n/10.95 To do
 []


Overfull \hbox (0.26527pt too wide) in paragraph at lines 247--248
[]\T1/lmr/m/n/12 Druhým ná-stro-jem jsou t°ídy \T1/lmtt/m/n/12 VertexBuffer \T1
/lmr/m/n/12 a \T1/lmtt/m/n/12 IndexBuffer\T1/lmr/m/n/12 . Tyto t°ídy umoº-|
 []

[36]
Overfull \hbox (1.19824pt too wide) in paragraph at lines 259--260
[]\T1/lmr/m/n/12 Dynamické ge-ne-ro-vání grafu umoº-¬uje re-pre-zen-to-vat ak-t
u-ální stav mapy, který|
 []

<./img/dijkstra-trap.png, id=765, 527.9725pt x 377.41pt>
File: ./img/dijkstra-trap.png Graphic file (type png)
<use ./img/dijkstra-trap.png>
Package pdftex.def Info: ./img/dijkstra-trap.png  used on input line 270.
(pdftex.def)             Requested size: 193.90602pt x 138.60867pt.
<./img/a-star-trap.png, id=766, 527.9725pt x 377.41pt>
File: ./img/a-star-trap.png Graphic file (type png)
<use ./img/a-star-trap.png>
Package pdftex.def Info: ./img/a-star-trap.png  used on input line 272.
(pdftex.def)             Requested size: 193.90602pt x 138.60867pt.

LaTeX Warning: `h' float specifier changed to `ht'.

[37]
Overfull \hbox (0.18896pt too wide) in paragraph at lines 294--295
[]\T1/lmr/m/n/12 s kon-stantní ho-ri-zon-tální rych-lostí (pro-m¥n-livá gra-vi-
tace, ºádný od-por vzdu-|
 []

[38 <./img/dijkstra-trap.png (PNG copy)> <./img/a-star-trap.png>]
(./img/horizontal.pdf_tex
<./img/horizontal.pdf, id=783, page=1, 483.5874pt x 100.35806pt>
File: ./img/horizontal.pdf Graphic file (type pdf)
<use ./img/horizontal.pdf, page 1>
Package pdftex.def Info: ./img/horizontal.pdf , page1 used on input line 57.
(pdftex.def)             Requested size: 288.7942pt x 59.93506pt.
<./img/horizontal.pdf, id=784, page=2, 483.5874pt x 100.35806pt>
File: ./img/horizontal.pdf Graphic file (type pdf)
<use ./img/horizontal.pdf, page 2>
Package pdftex.def Info: ./img/horizontal.pdf , page2 used on input line 59.
(pdftex.def)             Requested size: 288.7942pt x 59.93506pt.
<./img/horizontal.pdf, id=785, page=3, 483.5874pt x 100.35806pt>
File: ./img/horizontal.pdf Graphic file (type pdf)
<use ./img/horizontal.pdf, page 3>
Package pdftex.def Info: ./img/horizontal.pdf , page3 used on input line 61.
(pdftex.def)             Requested size: 288.7942pt x 59.93506pt.
<./img/horizontal.pdf, id=786, page=4, 483.5874pt x 100.35806pt>
File: ./img/horizontal.pdf Graphic file (type pdf)
<use ./img/horizontal.pdf, page 4>
Package pdftex.def Info: ./img/horizontal.pdf , page4 used on input line 63.
(pdftex.def)             Requested size: 288.7942pt x 59.93506pt.
) (./img/forward.pdf_tex
<./img/forward.pdf, id=789, page=1, 483.5874pt x 225.70403pt>
File: ./img/forward.pdf Graphic file (type pdf)
<use ./img/forward.pdf, page 1>
Package pdftex.def Info: ./img/forward.pdf , page1 used on input line 57.
(pdftex.def)             Requested size: 288.7942pt x 134.7932pt.
<./img/forward.pdf, id=790, page=2, 483.5874pt x 225.70403pt>
File: ./img/forward.pdf Graphic file (type pdf)
<use ./img/forward.pdf, page 2>
Package pdftex.def Info: ./img/forward.pdf , page2 used on input line 59.
(pdftex.def)             Requested size: 288.7942pt x 134.7932pt.
<./img/forward.pdf, id=791, page=3, 483.5874pt x 225.70403pt>
File: ./img/forward.pdf Graphic file (type pdf)
<use ./img/forward.pdf, page 3>
Package pdftex.def Info: ./img/forward.pdf , page3 used on input line 61.
(pdftex.def)             Requested size: 288.7942pt x 134.7932pt.
)

LaTeX Warning: `h' float specifier changed to `ht'.

[39 <./img/horizontal.pdf> <./img/horizontal.pdf

pdfTeX warning: pdflatex.exe (file ./img/horizontal.pdf): PDF inclusion: multip
le pdfs with page group included in a single page
> <./img/horizontal.pdf

pdfTeX warning: pdflatex.exe (file ./img/horizontal.pdf): PDF inclusion: multip
le pdfs with page group included in a single page
> <./img/horizontal.pdf

pdfTeX warning: pdflatex.exe (file ./img/horizontal.pdf): PDF inclusion: multip
le pdfs with page group included in a single page
>] (./img/withdrag.pdf_tex
<./img/withdrag.pdf, id=804, page=1, 483.5874pt x 224.31113pt>
File: ./img/withdrag.pdf Graphic file (type pdf)
<use ./img/withdrag.pdf, page 1>
Package pdftex.def Info: ./img/withdrag.pdf , page1 used on input line 57.
(pdftex.def)             Requested size: 288.7942pt x 133.96135pt.
<./img/withdrag.pdf, id=805, page=2, 483.5874pt x 224.31113pt>
File: ./img/withdrag.pdf Graphic file (type pdf)
<use ./img/withdrag.pdf, page 2>
Package pdftex.def Info: ./img/withdrag.pdf , page2 used on input line 59.
(pdftex.def)             Requested size: 288.7942pt x 133.96135pt.
<./img/withdrag.pdf, id=806, page=3, 483.5874pt x 224.31113pt>
File: ./img/withdrag.pdf Graphic file (type pdf)
<use ./img/withdrag.pdf, page 3>
Package pdftex.def Info: ./img/withdrag.pdf , page3 used on input line 61.
(pdftex.def)             Requested size: 288.7942pt x 133.96135pt.
)) [40 <./img/forward.pdf> <./img/forward.pdf

pdfTeX warning: pdflatex.exe (file ./img/forward.pdf): PDF inclusion: multiple 
pdfs with page group included in a single page
> <./img/forward.pdf

pdfTeX warning: pdflatex.exe (file ./img/forward.pdf): PDF inclusion: multiple 
pdfs with page group included in a single page
> <./img/withdrag.pdf

pdfTeX warning: pdflatex.exe (file ./img/withdrag.pdf): PDF inclusion: multiple
 pdfs with page group included in a single page
> <./img/withdrag.pdf

pdfTeX warning: pdflatex.exe (file ./img/withdrag.pdf): PDF inclusion: multiple
 pdfs with page group included in a single page
> <./img/withdrag.pdf

pdfTeX warning: pdflatex.exe (file ./img/withdrag.pdf): PDF inclusion: multiple
 pdfs with page group included in a single page
>]
\openout2 = `kap02.aux'.

 (./kap02.tex
Kapitola 3.
[41



]

LaTeX Warning: Reference `fig:levelmanagergraph' on page 42 undefined on input 
line 35.


Overfull \hbox (16.92203pt too wide) in paragraph at lines 35--36
[]\T1/lmr/m/n/12 Hlavním t°í-dou, re-pre-zen-tu-jící ak-tu-áln¥ spu²-t¥-nou úro
-ve¬, je t°ída \T1/lmtt/m/n/12 LevelManager\T1/lmr/m/n/12 .|
 []

) [42] [43]
\openout2 = `kap03.aux'.

 (./kap03.tex
Kapitola 4.
) [44



]
\openout2 = `kap04.aux'.

 (./kap04.tex)
\openout2 = `zaver.aux'.

 (./zaver.tex) [45





]
\openout2 = `literatura.aux'.

 (./literatura.tex (./prace.bbl
Underfull \hbox (badness 1603) in paragraph at lines 35--39
[]\T1/lmr/m/sc/12 Blizzard En-ter-ta-in-ment, Inc. \T1/lmr/m/n/12 (2002).  War-
craft 3.  []$\T1/lmtt/m/n/12 https : / /
 []


Underfull \hbox (badness 1603) in paragraph at lines 41--45
[]\T1/lmr/m/sc/12 Blizzard En-ter-ta-in-ment, Inc. \T1/lmr/m/n/12 (2010).  Star
-craft 2.  []$\T1/lmtt/m/n/12 https : / /
 []


Underfull \hbox (badness 1365) in paragraph at lines 47--51
[]\T1/lmr/m/sc/12 Blizzard En-ter-ta-in-ment, Inc. \T1/lmr/m/n/12 (2014).  Hear
ths-tone.  []$\T1/lmtt/m/n/12 https : / /
 []


Underfull \hbox (badness 10000) in paragraph at lines 89--93
[]\T1/lmr/m/sc/12 Gravell, M.  \T1/lmr/m/n/12 protobuf-net.  []$\T1/lmtt/m/n/12
 https : / / github . com / mgravell /
 []


Underfull \hbox (badness 1803) in paragraph at lines 107--112
[]\T1/lmr/m/sc/12 Microsoft\T1/lmr/m/n/12 .  KNOWN-FOL-DE-RID.  []$\T1/lmtt/m/n
/12 https : / / docs . microsoft . com /
 []

[46



]
Underfull \hbox (badness 10000) in paragraph at lines 114--119
[]\T1/lmr/m/sc/12 Microsoft\T1/lmr/m/n/12 .  En-vi-ron-ment.SpecialFolder Enum.
  []$\T1/lmtt/m/n/12 https : / /
 []


Underfull \hbox (badness 10000) in paragraph at lines 114--119
\T1/lmtt/m/n/12 docs . microsoft . com / en-[]us / dotnet / api / system . envi
ronment .
 []


Underfull \hbox (badness 2717) in paragraph at lines 114--119
\T1/lmtt/m/n/12 specialfolder ? view = netframework-[]4 . 8$[]\T1/lmr/m/n/12 . 
 [On-line; ac-ces-sed 2019-05-
 []


Underfull \hbox (badness 10000) in paragraph at lines 121--126
\T1/lmtt/m/n/12 docs . microsoft . com / en-[]us / previous-[]versions / ms9958
53(v = msdn . 10)$[]\T1/lmr/m/n/12 .
 []


Underfull \hbox (badness 10000) in paragraph at lines 128--133
[]\T1/lmr/m/sc/12 Microsoft \T1/lmr/m/n/12 (2019).  As-sem-bly-Lo-ad-Con-text C
lass.  []$\T1/lmtt/m/n/12 https :
 []


Underfull \hbox (badness 10000) in paragraph at lines 128--133
\T1/lmtt/m/n/12 / / docs . microsoft . com / en-[]us / dotnet / api / system . 
runtime . loader .
 []


Underfull \hbox (badness 10000) in paragraph at lines 141--148
[]\T1/lmr/m/sc/12 Novak, M. \T1/lmr/m/n/12 (2014).  Se-ri-a-li-zation Per-for-m
ance com-pa-ri-son
 []


Underfull \hbox (badness 3954) in paragraph at lines 141--148
\T1/lmr/m/n/12 (C#/.NET) ^^U For-mats & Fra-meworks (XML^^UDataContractSerializ
er
 []


Underfull \hbox (badness 10000) in paragraph at lines 141--148
\T1/lmr/m/n/12 & Xml-Se-ri-a-li-zer, Bi-na-ry-For-mat-ter, JSON^^U New-ton-soft
 & Ser-
 []


Underfull \hbox (badness 10000) in paragraph at lines 141--148
\T1/lmr/m/n/12 vi-ceStack.Text, Pro-to-buf, Msg-Pack).  []$\T1/lmtt/m/n/12 http
s : / / maxondev . com /
 []


Overfull \hbox (559.9524pt too wide) in paragraph at lines 141--148
\T1/lmtt/m/n/12 serialization-[]performance-[]comparison-[]c-[]net-[]formats-[]
frameworks-[]xmldatacontractserializer-[]xmlserializer-[]binaryformatter-[]json
-[]newtonsoft-[]servicestack-[]text/$[]\T1/lmr/m/n/12 .|
 []


Underfull \hbox (badness 10000) in paragraph at lines 159--163
[]$\T1/lmtt/m/n/12 http : / / www . oxeyegames . com / rts-[]game-[]play-[]part
-[]3-[]build-[]options/$[]\T1/lmr/m/n/12 .
 []


Underfull \hbox (badness 2591) in paragraph at lines 177--182
[]\T1/lmr/m/sc/12 Smith, F. \T1/lmr/m/n/12 (2016).  Sol-ving Bal-lis-tic Tra-je
c-to-ries.  []$\T1/lmtt/m/n/12 https : / / www .
 []


Underfull \hbox (badness 1242) in paragraph at lines 190--195
[]\T1/lmr/m/sc/12 urho3d\T1/lmr/m/n/12 .  POD-Vec-tor Do-cu-men-tation.  []$\T1
/lmtt/m/n/12 https : / / urho3d . github . io /
 []


Underfull \hbox (badness 10000) in paragraph at lines 190--195
\T1/lmtt/m/n/12 documentation / 1 . 4 / class _ urho3 _ d _ 1 _ 1 _ p _ o _ d _
 vector . html # details$[]\T1/lmr/m/n/12 .
 []


Underfull \hbox (badness 3590) in paragraph at lines 197--202
[]\T1/lmr/m/sc/12 Walker, M. H. \T1/lmr/m/n/12 (2004).  Stra-tegy Ga-ming: Part
 II.  []$\T1/lmtt/m/n/12 https :
 []


Underfull \hbox (badness 10000) in paragraph at lines 197--202
\T1/lmtt/m/n/12 / / web . archive . org / web / 20070129065355 / http : / / arc
hive . gamespy .
 []

[47]
Underfull \hbox (badness 6876) in paragraph at lines 204--209
\T1/lmr/m/n/12 Turn-Based.  []$\T1/lmtt/m/n/12 https : / / web . archive . org 
/ web / 20081201113359 / http :
 []


Underfull \hbox (badness 10000) in paragraph at lines 204--209
\T1/lmtt/m/n/12 / / archive . gamespy . com / articles / february02 / strategyg
ames05 /
 []


Underfull \hbox (badness 10000) in paragraph at lines 238--243
\T1/lmtt/m/n/12 / / en . wikipedia . org / w / index . php ? title = Blizzard _
 Entertainment &
 []

)) [48]
P\v {r}\'{\i }loha A.
[49


]
LaTeX Font Info:    External font `lmex10' loaded for size
(Font)              <14.4> on input line 185.
 [50

]
Package atveryend Info: Empty hook `BeforeClearDocument' on input line 187.
Package atveryend Info: Empty hook `AfterLastShipout' on input line 187.
 (./prace.aux (./titulka.aux) (./uvod.aux) (./kap01.aux) (./kap02.aux) (./kap03
.aux) (./kap04.aux) (./zaver.aux) (./literatura.aux))
Package atveryend Info: Executing hook `AtVeryEndDocument' on input line 187.
Package atveryend Info: Executing hook `AtEndAfterFileList' on input line 187.
Package rerunfilecheck Info: File `prace.out' has not changed.
(rerunfilecheck)             Checksum: FC4D8E7489F85C1620551866820B8E10;5300.


LaTeX Warning: There were undefined references.

Package atveryend Info: Empty hook `AtVeryVeryEnd' on input line 187.
 ) 
Here is how much of TeX's memory you used:
 17829 strings out of 492616
 253393 string characters out of 6132768
 331244 words of memory out of 5000000
 21049 multiletter control sequences out of 15000+600000
 120552 words of font info for 95 fonts, out of 8000000 for 9000
 1141 hyphenation exceptions out of 8191
 44i,14n,51p,2761b,2327s stack positions out of 5000i,500n,10000p,200000b,80000s
{c:/texlive/2018/texmf-dist/fonts/enc/dvips/lm/lm-ec.enc}{c:/texlive/2018/tex
mf-dist/fonts/enc/dvips/lm/lm-rm.enc}{c:/texlive/2018/texmf-dist/fonts/enc/dvip
s/lm/lm-mathit.enc}{c:/texlive/2018/texmf-dist/fonts/enc/dvips/lm/lm-mathsy.enc
}{c:/texlive/2018/texmf-dist/fonts/enc/dvips/lm/lm-ts1.enc}<c:/texlive/2018/tex
mf-dist/fonts/type1/public/lm/lmbx12.pfb><c:/texlive/2018/texmf-dist/fonts/type
1/public/lm/lmcsc10.pfb><c:/texlive/2018/texmf-dist/fonts/type1/public/lm/lmmi1
2.pfb><c:/texlive/2018/texmf-dist/fonts/type1/public/lm/lmr10.pfb><c:/texlive/2
018/texmf-dist/fonts/type1/public/lm/lmr12.pfb><c:/texlive/2018/texmf-dist/font
s/type1/public/lm/lmr17.pfb><c:/texlive/2018/texmf-dist/fonts/type1/public/lm/l
mr7.pfb><c:/texlive/2018/texmf-dist/fonts/type1/public/lm/lmr8.pfb><c:/texlive/
2018/texmf-dist/fonts/type1/public/lm/lmri10.pfb><c:/texlive/2018/texmf-dist/fo
nts/type1/public/lm/lmri12.pfb><c:/texlive/2018/texmf-dist/fonts/type1/public/l
m/lmss10.pfb><c:/texlive/2018/texmf-dist/fonts/type1/public/lm/lmsy10.pfb><c:/t
exlive/2018/texmf-dist/fonts/type1/public/lm/lmtt12.pfb><c:/texlive/2018/texmf-
dist/fonts/type1/public/amsfonts/symbols/msam10.pfb>
Output written on prace.pdf (54 pages, 18970386 bytes).
PDF statistics:
 1102 PDF objects out of 1200 (max. 8388607)
 962 compressed objects within 10 object streams
 298 named destinations out of 1000 (max. 500000)
 479 words of extra memory for PDF output out of 10000 (max. 10000000)

