\BOOKMARK [0][-]{chapter.1}{\376\377\000\332\000v\000o\000d}{}% 1
\BOOKMARK [1][-]{section.1.1}{\376\377\000R\000T\000S\000\040\000h\000r\000y\000\040\000b\000l\000\355\001\176\000e}{chapter.1}% 2
\BOOKMARK [2][-]{subsection.1.1.1}{\376\377\000M\000a\000p\000y}{section.1.1}% 3
\BOOKMARK [2][-]{subsection.1.1.2}{\376\377\000J\000e\000d\000n\000o\000t\000k\000y}{section.1.1}% 4
\BOOKMARK [2][-]{subsection.1.1.3}{\376\377\000B\000u\000d\000o\000v\000y}{section.1.1}% 5
\BOOKMARK [2][-]{subsection.1.1.4}{\376\377\000S\000u\000r\000o\000v\000i\000n\000y}{section.1.1}% 6
\BOOKMARK [2][-]{subsection.1.1.5}{\376\377\000V\000\375\000v\000o\000j\000\040\000t\000e\000c\000h\000n\000o\000l\000o\000g\000i\000\355}{section.1.1}% 7
\BOOKMARK [1][-]{section.1.2}{\376\377\000U\001\176\000i\000v\000a\000t\000e\000l\000\351}{chapter.1}% 8
\BOOKMARK [2][-]{subsection.1.2.1}{\376\377\000T\000v\001\157\000r\000c\000i\000\040\000h\000e\000r}{section.1.2}% 9
\BOOKMARK [2][-]{subsection.1.2.2}{\376\377\000H\000r\000\341\001\015\000i\000\040\000h\000e\000r}{section.1.2}% 10
\BOOKMARK [1][-]{section.1.3}{\376\377\000U\000k\000\341\000z\000k\000o\000v\000\341\000\040\000h\000r\000a}{chapter.1}% 11
\BOOKMARK [1][-]{section.1.4}{\376\377\000C\000\355\000l\000e\000\040\000p\000r\000\341\000c\000e}{chapter.1}% 12
\BOOKMARK [0][-]{chapter.2}{\376\377\000A\000n\000a\000l\000\375\000z\000a}{}% 13
\BOOKMARK [1][-]{section.2.1}{\376\377\000H\000e\000r\000n\000\355\000\040\000e\000n\000g\000i\000n\000e}{chapter.2}% 14
\BOOKMARK [1][-]{section.2.2}{\376\377\000P\000o\000d\000p\000o\000r\000o\000v\000a\000n\000\351\000\040\000p\000l\000a\000t\000f\000o\000r\000m\000y}{chapter.2}% 15
\BOOKMARK [2][-]{subsection.2.2.1}{\376\377\000M\000o\000b\000i\000l\000n\000\355\000\040\000p\000l\000a\000t\000f\000o\000r\000m\000y}{section.2.2}% 16
\BOOKMARK [1][-]{section.2.3}{\376\377\000F\000o\000r\000m\000\341\000t\000\040\000b\000a\000l\000\355\001\015\000k\001\157\000\040\000a\000\040\000j\000e\000j\000i\000c\000h\000\040\000n\000a\001\015\000\355\000t\000\341\000n\000\355}{chapter.2}% 17
\BOOKMARK [2][-]{subsection.2.3.1}{\376\377\000Z\000\341\000k\000l\000a\000d\000n\000\355\000\040\000s\000t\000r\000u\000k\000t\000u\000r\000a}{section.2.3}% 18
\BOOKMARK [0][-]{chapter.3}{\376\377\000U\000k\000\341\000z\000k\000o\000v\000\341\000\040\000h\000r\000a}{}% 19
\BOOKMARK [0][-]{chapter.4}{\376\377\000P\000r\000o\000g\000r\000a\000m\000\341\000t\000o\000r\000s\000k\000\341\000\040\000d\000o\000k\000u\000m\000e\000n\000t\000a\000c\000e}{}% 20
\BOOKMARK [0][-]{chapter.5}{\376\377\000U\001\176\000i\000v\000a\000t\000e\000l\000s\000k\000\341\000\040\000d\000o\000k\000u\000m\000e\000n\000t\000a\000c\000e}{}% 21
\BOOKMARK [0][-]{chapter*.23}{\376\377\000Z\000\341\000v\001\033\000r}{}% 22
\BOOKMARK [0][-]{chapter*.24}{\376\377\000S\000e\000z\000n\000a\000m\000\040\000p\000o\000u\001\176\000i\000t\000\351\000\040\000l\000i\000t\000e\000r\000a\000t\000u\000r\000y}{}% 23
\BOOKMARK [0][-]{appendix.A}{\376\377\000P\001\131\000\355\000l\000o\000h\000y}{}% 24
\BOOKMARK [1][-]{section.A.1}{\376\377\000P\000r\000v\000n\000\355\000\040\000p\001\131\000\355\000l\000o\000h\000a}{appendix.A}% 25
